app/build/intermediates/manifest_merge_blame_file/debug/manifest-merger-blame-debug-report.txt
1<?xml version="1.0" encoding="utf-8"?>
2<manifest xmlns:android="http://schemas.android.com/apk/res/android"
3    package="com.example.blindaid"
4    android:versionCode="1"
5    android:versionName="1.0" >
6
7    <uses-sdk
8        android:minSdkVersion="15"
8-->src\main\AndroidManifest.xml
9        android:targetSdkVersion="29" />
9-->src\main\AndroidManifest.xml
10
11    <uses-permission android:name="android.permission.ACCESS_COARSE_LOCATION" />
11-->src\main\AndroidManifest.xml:5:5-81
11-->src\main\AndroidManifest.xml:5:22-78
12    <uses-permission android:name="android.permission.INTERNET" />
12-->src\main\AndroidManifest.xml:6:5-67
12-->src\main\AndroidManifest.xml:6:22-64
13    <uses-permission android:name="android.permission.SEND_SMS" />
13-->src\main\AndroidManifest.xml:7:5-67
13-->src\main\AndroidManifest.xml:7:22-64
14    <uses-permission android:name="android.permission.RECORD_AUDIO" />
14-->src\main\AndroidManifest.xml:8:5-71
14-->src\main\AndroidManifest.xml:8:22-68
15    <uses-permission android:name="android.permission.ACCESS_NETWORK_STATE" />
15-->[com.google.firebase:firebase-firestore:17.1.2] AndroidManifest.xml:10:5-79
15-->[com.google.firebase:firebase-firestore:17.1.2] AndroidManifest.xml:10:22-76
16
17    <application
17-->src\main\AndroidManifest.xml:10:5-27:19
18        android:name="androidx.multidex.MultiDexApplication"
19        android:allowBackup="true"
19-->src\main\AndroidManifest.xml:11:9-35
20        android:appComponentFactory="androidx.core.app.CoreComponentFactory"
20-->[androidx.core:core:1.0.1] AndroidManifest.xml:22:18-86
21        android:debuggable="true"
22        android:icon="@mipmap/ic_launcher"
22-->src\main\AndroidManifest.xml:12:9-43
23        android:label="@string/app_name"
23-->src\main\AndroidManifest.xml:13:9-41
24        android:roundIcon="@mipmap/ic_launcher_round"
24-->src\main\AndroidManifest.xml:14:9-54
25        android:supportsRtl="true"
25-->src\main\AndroidManifest.xml:15:9-35
26        android:testOnly="true"
27        android:theme="@style/AppTheme" >
27-->src\main\AndroidManifest.xml:16:9-40
28        <activity android:name="com.example.blindaid.User_Emergency" />
28-->src\main\AndroidManifest.xml:17:9-61
28-->src\main\AndroidManifest.xml:17:19-49
29        <activity android:name="com.example.blindaid.Homepage" >
29-->src\main\AndroidManifest.xml:18:9-24:20
29-->src\main\AndroidManifest.xml:18:19-43
30            <intent-filter>
30-->src\main\AndroidManifest.xml:19:13-23:29
31                <action android:name="android.intent.action.MAIN" />
31-->src\main\AndroidManifest.xml:20:17-69
31-->src\main\AndroidManifest.xml:20:25-66
32
33                <category android:name="android.intent.category.LAUNCHER" />
33-->src\main\AndroidManifest.xml:22:17-77
33-->src\main\AndroidManifest.xml:22:27-74
34            </intent-filter>
35        </activity>
36        <activity android:name="com.example.blindaid.EMERGENCY_CONTACT" />
36-->src\main\AndroidManifest.xml:25:9-55
36-->src\main\AndroidManifest.xml:25:19-52
37        <activity android:name="com.example.blindaid.MainActivity" />
37-->src\main\AndroidManifest.xml:26:9-50
37-->src\main\AndroidManifest.xml:26:19-47
38
39        <service android:name="com.google.firebase.components.ComponentDiscoveryService" >
39-->[com.google.firebase:firebase-firestore:17.1.2] AndroidManifest.xml:14:9-18:19
39-->[com.google.firebase:firebase-firestore:17.1.2] AndroidManifest.xml:14:18-89
40            <meta-data
40-->[com.google.firebase:firebase-firestore:17.1.2] AndroidManifest.xml:15:13-17:85
41                android:name="com.google.firebase.components:com.google.firebase.firestore.FirestoreRegistrar"
41-->[com.google.firebase:firebase-firestore:17.1.2] AndroidManifest.xml:16:17-111
42                android:value="com.google.firebase.components.ComponentRegistrar" />
42-->[com.google.firebase:firebase-firestore:17.1.2] AndroidManifest.xml:17:17-82
43        </service>
44
45        <activity
45-->[com.google.android.gms:play-services-base:17.0.0] AndroidManifest.xml:23:9-26:75
46            android:name="com.google.android.gms.common.api.GoogleApiActivity"
46-->[com.google.android.gms:play-services-base:17.0.0] AndroidManifest.xml:24:13-79
47            android:exported="false"
47-->[com.google.android.gms:play-services-base:17.0.0] AndroidManifest.xml:25:13-37
48            android:theme="@android:style/Theme.Translucent.NoTitleBar" />
48-->[com.google.android.gms:play-services-base:17.0.0] AndroidManifest.xml:26:13-72
49
50        <provider
50-->[com.google.firebase:firebase-common:16.0.3] AndroidManifest.xml:10:9-14:39
51            android:name="com.google.firebase.provider.FirebaseInitProvider"
51-->[com.google.firebase:firebase-common:16.0.3] AndroidManifest.xml:11:13-77
52            android:authorities="com.example.blindaid.firebaseinitprovider"
52-->[com.google.firebase:firebase-common:16.0.3] AndroidManifest.xml:12:13-72
53            android:exported="false"
53-->[com.google.firebase:firebase-common:16.0.3] AndroidManifest.xml:13:13-37
54            android:initOrder="100" />
54-->[com.google.firebase:firebase-common:16.0.3] AndroidManifest.xml:14:13-36
55
56        <meta-data
56-->[com.google.android.gms:play-services-basement:17.0.0] AndroidManifest.xml:23:9-25:69
57            android:name="com.google.android.gms.version"
57-->[com.google.android.gms:play-services-basement:17.0.0] AndroidManifest.xml:24:13-58
58            android:value="@integer/google_play_services_version" />
58-->[com.google.android.gms:play-services-basement:17.0.0] AndroidManifest.xml:25:13-66
59    </application>
60
61</manifest>